basic-android-kotlin-compose-training-dessert-clicker/app/build/intermediates/manifest_merge_blame_file/debug/manifest-merger-blame-debug-report.txt
1<?xml version="1.0" encoding="utf-8"?>
2<!--
3     Copyright (C) 2022 The Android Open Source Project
4
5     Licensed under the Apache License, Version 2.0 (the "License");
6     you may not use this file except in compliance with the License.
7     You may obtain a copy of the License at
8
9          http://www.apache.org/licenses/LICENSE-2.0
10
11     Unless required by applicable law or agreed to in writing, software
12     distributed under the License is distributed on an "AS IS" BASIS,
13     WITHOUT WARRANTIES OR CONDITIONS OF ANY KIND, either express or implied.
14     See the License for the specific language governing permissions and
15     limitations under the License.
16-->
17<manifest xmlns:android="http://schemas.android.com/apk/res/android"
18    package="com.example.dessertclicker"
19    android:versionCode="1"
20    android:versionName="1.0" >
21
22    <uses-sdk
23        android:minSdkVersion="21"
23-->src/main/AndroidManifest.xml
24        android:targetSdkVersion="33" />
24-->src/main/AndroidManifest.xml
25
26    <permission
26-->[androidx.core:core:1.9.0] AndroidManifest.xml:22:5-24:47
27        android:name="com.example.dessertclicker.DYNAMIC_RECEIVER_NOT_EXPORTED_PERMISSION"
27-->[androidx.core:core:1.9.0] AndroidManifest.xml:23:9-81
28        android:protectionLevel="signature" />
28-->[androidx.core:core:1.9.0] AndroidManifest.xml:24:9-44
29
30    <uses-permission android:name="com.example.dessertclicker.DYNAMIC_RECEIVER_NOT_EXPORTED_PERMISSION" />
30-->[androidx.core:core:1.9.0] AndroidManifest.xml:26:5-97
30-->[androidx.core:core:1.9.0] AndroidManifest.xml:26:22-94
31
32    <application
32-->src/main/AndroidManifest.xml:21:5-39:19
33        android:appComponentFactory="androidx.core.app.CoreComponentFactory"
33-->[androidx.core:core:1.9.0] AndroidManifest.xml:28:18-86
34        android:debuggable="true"
35        android:icon="@mipmap/ic_dessert_clicker"
35-->src/main/AndroidManifest.xml:22:9-50
36        android:label="@string/app_name"
36-->src/main/AndroidManifest.xml:23:9-41
37        android:roundIcon="@mipmap/ic_dessert_clicker_round"
37-->src/main/AndroidManifest.xml:24:9-61
38        android:supportsRtl="true"
38-->src/main/AndroidManifest.xml:25:9-35
39        android:testOnly="true"
40        android:theme="@style/Theme.DessertClicker" >
40-->src/main/AndroidManifest.xml:26:9-52
41        <activity
41-->src/main/AndroidManifest.xml:28:9-38:20
42            android:name="com.example.dessertclicker.MainActivity"
42-->src/main/AndroidManifest.xml:29:13-41
43            android:exported="true"
43-->src/main/AndroidManifest.xml:30:13-36
44            android:label="@string/app_name"
44-->src/main/AndroidManifest.xml:31:13-45
45            android:theme="@style/Theme.DessertClicker" >
45-->src/main/AndroidManifest.xml:32:13-56
46            <intent-filter>
46-->src/main/AndroidManifest.xml:33:13-37:29
47                <action android:name="android.intent.action.MAIN" />
47-->src/main/AndroidManifest.xml:34:17-69
47-->src/main/AndroidManifest.xml:34:25-66
48
49                <category android:name="android.intent.category.LAUNCHER" />
49-->src/main/AndroidManifest.xml:36:17-77
49-->src/main/AndroidManifest.xml:36:27-74
50            </intent-filter>
51        </activity>
52        <activity
52-->[androidx.compose.ui:ui-tooling:1.3.3] AndroidManifest.xml:23:9-25:39
53            android:name="androidx.compose.ui.tooling.PreviewActivity"
53-->[androidx.compose.ui:ui-tooling:1.3.3] AndroidManifest.xml:24:13-71
54            android:exported="true" />
54-->[androidx.compose.ui:ui-tooling:1.3.3] AndroidManifest.xml:25:13-36
55        <activity
55-->[androidx.compose.ui:ui-test-manifest:1.3.3] AndroidManifest.xml:23:9-25:39
56            android:name="androidx.activity.ComponentActivity"
56-->[androidx.compose.ui:ui-test-manifest:1.3.3] AndroidManifest.xml:24:13-63
57            android:exported="true" />
57-->[androidx.compose.ui:ui-test-manifest:1.3.3] AndroidManifest.xml:25:13-36
58
59        <provider
59-->[androidx.profileinstaller:profileinstaller:1.2.0] AndroidManifest.xml:25:9-33:20
60            android:name="androidx.startup.InitializationProvider"
60-->[androidx.profileinstaller:profileinstaller:1.2.0] AndroidManifest.xml:26:13-67
61            android:authorities="com.example.dessertclicker.androidx-startup"
61-->[androidx.profileinstaller:profileinstaller:1.2.0] AndroidManifest.xml:27:13-68
62            android:exported="false" >
62-->[androidx.profileinstaller:profileinstaller:1.2.0] AndroidManifest.xml:28:13-37
63            <meta-data
63-->[androidx.profileinstaller:profileinstaller:1.2.0] AndroidManifest.xml:30:13-32:52
64                android:name="androidx.profileinstaller.ProfileInstallerInitializer"
64-->[androidx.profileinstaller:profileinstaller:1.2.0] AndroidManifest.xml:31:17-85
65                android:value="androidx.startup" />
65-->[androidx.profileinstaller:profileinstaller:1.2.0] AndroidManifest.xml:32:17-49
66        </provider>
67
68        <receiver
68-->[androidx.profileinstaller:profileinstaller:1.2.0] AndroidManifest.xml:35:9-47:20
69            android:name="androidx.profileinstaller.ProfileInstallReceiver"
69-->[androidx.profileinstaller:profileinstaller:1.2.0] AndroidManifest.xml:36:13-76
70            android:directBootAware="false"
70-->[androidx.profileinstaller:profileinstaller:1.2.0] AndroidManifest.xml:37:13-44
71            android:enabled="true"
71-->[androidx.profileinstaller:profileinstaller:1.2.0] AndroidManifest.xml:38:13-35
72            android:exported="true"
72-->[androidx.profileinstaller:profileinstaller:1.2.0] AndroidManifest.xml:39:13-36
73            android:permission="android.permission.DUMP" >
73-->[androidx.profileinstaller:profileinstaller:1.2.0] AndroidManifest.xml:40:13-57
74            <intent-filter>
74-->[androidx.profileinstaller:profileinstaller:1.2.0] AndroidManifest.xml:41:13-43:29
75                <action android:name="androidx.profileinstaller.action.INSTALL_PROFILE" />
75-->[androidx.profileinstaller:profileinstaller:1.2.0] AndroidManifest.xml:42:17-91
75-->[androidx.profileinstaller:profileinstaller:1.2.0] AndroidManifest.xml:42:25-88
76            </intent-filter>
77            <intent-filter>
77-->[androidx.profileinstaller:profileinstaller:1.2.0] AndroidManifest.xml:44:13-46:29
78                <action android:name="androidx.profileinstaller.action.SKIP_FILE" />
78-->[androidx.profileinstaller:profileinstaller:1.2.0] AndroidManifest.xml:45:17-85
78-->[androidx.profileinstaller:profileinstaller:1.2.0] AndroidManifest.xml:45:25-82
79            </intent-filter>
80        </receiver>
81    </application>
82
83</manifest>